<?xml version="1.0" encoding="UTF-8" ?>
<testsuite errors="0" failures="0" hostname="cfc-windows" name="br.tre.TestCalculadora" tests="6" time="0.062" timestamp="2013-01-31T15:44:09">
  <properties>
[...]
</properties>
  <testcase classname="br.tre.TestCalculadora" name="calculoDaComissaoVenda10000Comissao500" time="0.0" />
  <testcase classname="br.tre.TestCalculadora" name="calculoDaComissaoVenda200Comissao10" time="0.0" />
  <testcase classname="br.tre.TestCalculadora" name="calculoDaComissaoVenda300Comissao15" time="0.0" />
  <testcase classname="br.tre.TestCalculadora" name="calculoDaComissaoVenda100000Comissao6000" time="0.0" />
  <testcase classname="br.tre.TestCalculadora" name="calculoDaComissaoVendaDecimal" time="0.0" />
  <testcase classname="br.tre.TestCalculadora" name="calculoDaComissaoVendaNegativo" time="0.0" />
  <system-out><![CDATA[]]></system-out>
  <system-err><![CDATA[]]></system-err>
</testsuite>
